<?xml version="1.0" encoding="UTF-8"?>
<testng-results ignored="2" total="3" passed="1" failed="0" skipped="0">
  <reporter-output>
  </reporter-output>
  <suite started-at="2022-02-26T21:30:46 EET" name="Default suite" finished-at="2022-02-26T21:30:49 EET" duration-ms="3532">
    <groups>
    </groups>
    <test started-at="2022-02-26T21:30:46 EET" name="Default test" finished-at="2022-02-26T21:30:49 EET" duration-ms="3532">
      <class name="apiTesting.test001">
        <test-method signature="getMail()[pri:0, instance:apiTesting.test001@120f102b]" started-at="2022-02-26T21:30:46 EET" name="getMail" finished-at="2022-02-26T21:30:49 EET" duration-ms="3497" status="PASS">
          <reporter-output>
          </reporter-output>
        </test-method> <!-- getMail -->
      </class> <!-- apiTesting.test001 -->
    </test> <!-- Default test -->
  </suite> <!-- Default suite -->
</testng-results>
