<?xml version="1.0" encoding="UTF-8"?>
<!-- Generated by org.testng.reporters.JUnitXMLReporter -->
<testsuite ignored="2" hostname="Usamas-MacBook-Pro.local" failures="0" tests="1" name="Default test" time="3.532" errors="0" timestamp="2022-02-26T21:30:49 EET">
  <testcase classname="apiTesting.test001" name="getMail" time="3.497"/>
  <testcase classname="apiTesting.test001" name="postWithUserID" time="0.0">
    <ignored/>
  </testcase> <!-- postWithUserID -->
  <testcase classname="apiTesting.test001" name="checkPostsID" time="0.0">
    <ignored/>
  </testcase> <!-- checkPostsID -->
</testsuite> <!-- Default test -->
